<?xml version="1.0" encoding="UTF-8"?>
<testsuite name="Tests" tests="1" skipped="0" failures="0" errors="0" timestamp="2020-12-09T14:55:26" hostname="LAPTOP-MURC9SVL" time="0.365">
  <properties/>
  <testcase name="start" classname="Tests" time="0.365"/>
  <system-out><![CDATA[?[1;31m
Start test 1?[0m
  1 2 3 4 5 6 7 8 9 10
A ~ ~ ~ ~ ~ ~ ~ ~ ~ ~
B ~ ~ ~ ~ ~ ~ ~ ~ ~ ~
C ~ ~ ~ ~ ~ ~ ~ ~ ~ ~
D ~ ~ ~ ~ ~ ~ ~ ~ ~ ~
E ~ ~ ~ ~ ~ ~ ~ ~ ~ ~
F ~ ~ ~ ~ ~ ~ ~ ~ ~ ~
G ~ ~ ~ ~ ~ ~ ~ ~ ~ ~
H ~ ~ ~ ~ ~ ~ ~ ~ ~ ~
I ~ ~ ~ ~ ~ ~ ~ ~ ~ ~
J ~ ~ ~ ~ ~ ~ ~ ~ ~ ~
Enter the coordinates of the Aircraft Carrier (5 cells):
> F3 F7
5, 2 -> 5, 6
  1 2 3 4 5 6 7 8 9 10
A ~ ~ ~ ~ ~ ~ ~ ~ ~ ~
B ~ ~ ~ ~ ~ ~ ~ ~ ~ ~
C ~ ~ ~ ~ ~ ~ ~ ~ ~ ~
D ~ ~ ~ ~ ~ ~ ~ ~ ~ ~
E ~ ~ ~ ~ ~ ~ ~ ~ ~ ~
F ~ ~ o o o o o ~ ~ ~
G ~ ~ ~ ~ ~ ~ ~ ~ ~ ~
H ~ ~ ~ ~ ~ ~ ~ ~ ~ ~
I ~ ~ ~ ~ ~ ~ ~ ~ ~ ~
J ~ ~ ~ ~ ~ ~ ~ ~ ~ ~
Enter the coordinates of the Battleship (4 cells):
> A1 D1
0, 0 -> 3, 0
  1 2 3 4 5 6 7 8 9 10
A o ~ ~ ~ ~ ~ ~ ~ ~ ~
B o ~ ~ ~ ~ ~ ~ ~ ~ ~
C o ~ ~ ~ ~ ~ ~ ~ ~ ~
D o ~ ~ ~ ~ ~ ~ ~ ~ ~
E ~ ~ ~ ~ ~ ~ ~ ~ ~ ~
F ~ ~ o o o o o ~ ~ ~
G ~ ~ ~ ~ ~ ~ ~ ~ ~ ~
H ~ ~ ~ ~ ~ ~ ~ ~ ~ ~
I ~ ~ ~ ~ ~ ~ ~ ~ ~ ~
J ~ ~ ~ ~ ~ ~ ~ ~ ~ ~
Enter the coordinates of the Submarine (3 cells):
> J7 J10
9, 6 -> 9, 9
Error! Wrong length of the Submarine! Try again:
> J10 J8
9, 9 -> 9, 7
  1 2 3 4 5 6 7 8 9 10
A o ~ ~ ~ ~ ~ ~ ~ ~ ~
B o ~ ~ ~ ~ ~ ~ ~ ~ ~
C o ~ ~ ~ ~ ~ ~ ~ ~ ~
D o ~ ~ ~ ~ ~ ~ ~ ~ ~
E ~ ~ ~ ~ ~ ~ ~ ~ ~ ~
F ~ ~ o o o o o ~ ~ ~
G ~ ~ ~ ~ ~ ~ ~ ~ ~ ~
H ~ ~ ~ ~ ~ ~ ~ ~ ~ ~
I ~ ~ ~ ~ ~ ~ ~ ~ ~ ~
J ~ ~ ~ ~ ~ ~ ~ o o o
Enter the coordinates of the Cruiser (3 cells):
> B9 D8
1, 8 -> 3, 7
Error! Wrong ship location! Try again:
> B9 D9
1, 8 -> 3, 8
  1 2 3 4 5 6 7 8 9 10
A o ~ ~ ~ ~ ~ ~ ~ ~ ~
B o ~ ~ ~ ~ ~ ~ ~ o ~
C o ~ ~ ~ ~ ~ ~ ~ o ~
D o ~ ~ ~ ~ ~ ~ ~ o ~
E ~ ~ ~ ~ ~ ~ ~ ~ ~ ~
F ~ ~ o o o o o ~ ~ ~
G ~ ~ ~ ~ ~ ~ ~ ~ ~ ~
H ~ ~ ~ ~ ~ ~ ~ ~ ~ ~
I ~ ~ ~ ~ ~ ~ ~ ~ ~ ~
J ~ ~ ~ ~ ~ ~ ~ o o o
Enter the coordinates of the Destroyer (2 cells):
> E6 D6
4, 5 -> 3, 5
Error! You placed it too close to another one, Try again:
> I2 J2
8, 1 -> 9, 1
  1 2 3 4 5 6 7 8 9 10
A o ~ ~ ~ ~ ~ ~ ~ ~ ~
B o ~ ~ ~ ~ ~ ~ ~ o ~
C o ~ ~ ~ ~ ~ ~ ~ o ~
D o ~ ~ ~ ~ ~ ~ ~ o ~
E ~ ~ ~ ~ ~ ~ ~ ~ ~ ~
F ~ ~ o o o o o ~ ~ ~
G ~ ~ ~ ~ ~ ~ ~ ~ ~ ~
H ~ ~ ~ ~ ~ ~ ~ ~ ~ ~
I ~ o ~ ~ ~ ~ ~ ~ ~ ~
J ~ o ~ ~ ~ ~ ~ o o o
?[1;31m
Start test 2?[0m
  1 2 3 4 5 6 7 8 9 10
A ~ ~ ~ ~ ~ ~ ~ ~ ~ ~
B ~ ~ ~ ~ ~ ~ ~ ~ ~ ~
C ~ ~ ~ ~ ~ ~ ~ ~ ~ ~
D ~ ~ ~ ~ ~ ~ ~ ~ ~ ~
E ~ ~ ~ ~ ~ ~ ~ ~ ~ ~
F ~ ~ ~ ~ ~ ~ ~ ~ ~ ~
G ~ ~ ~ ~ ~ ~ ~ ~ ~ ~
H ~ ~ ~ ~ ~ ~ ~ ~ ~ ~
I ~ ~ ~ ~ ~ ~ ~ ~ ~ ~
J ~ ~ ~ ~ ~ ~ ~ ~ ~ ~
Enter the coordinates of the Aircraft Carrier (5 cells):
> J3 J7
9, 2 -> 9, 6
  1 2 3 4 5 6 7 8 9 10
A ~ ~ ~ ~ ~ ~ ~ ~ ~ ~
B ~ ~ ~ ~ ~ ~ ~ ~ ~ ~
C ~ ~ ~ ~ ~ ~ ~ ~ ~ ~
D ~ ~ ~ ~ ~ ~ ~ ~ ~ ~
E ~ ~ ~ ~ ~ ~ ~ ~ ~ ~
F ~ ~ ~ ~ ~ ~ ~ ~ ~ ~
G ~ ~ ~ ~ ~ ~ ~ ~ ~ ~
H ~ ~ ~ ~ ~ ~ ~ ~ ~ ~
I ~ ~ ~ ~ ~ ~ ~ ~ ~ ~
J ~ ~ o o o o o ~ ~ ~
Enter the coordinates of the Battleship (4 cells):
> C8 B8
2, 7 -> 1, 7
Error! Wrong length of the Battleship! Try again:
> C8 F8
2, 7 -> 5, 7
  1 2 3 4 5 6 7 8 9 10
A ~ ~ ~ ~ ~ ~ ~ ~ ~ ~
B ~ ~ ~ ~ ~ ~ ~ ~ ~ ~
C ~ ~ ~ ~ ~ ~ ~ o ~ ~
D ~ ~ ~ ~ ~ ~ ~ o ~ ~
E ~ ~ ~ ~ ~ ~ ~ o ~ ~
F ~ ~ ~ ~ ~ ~ ~ o ~ ~
G ~ ~ ~ ~ ~ ~ ~ ~ ~ ~
H ~ ~ ~ ~ ~ ~ ~ ~ ~ ~
I ~ ~ ~ ~ ~ ~ ~ ~ ~ ~
J ~ ~ o o o o o ~ ~ ~
Enter the coordinates of the Submarine (3 cells):
> A1 C2
0, 0 -> 2, 1
Error! Wrong ship location! Try again:
> A1 C1
0, 0 -> 2, 0
  1 2 3 4 5 6 7 8 9 10
A o ~ ~ ~ ~ ~ ~ ~ ~ ~
B o ~ ~ ~ ~ ~ ~ ~ ~ ~
C o ~ ~ ~ ~ ~ ~ o ~ ~
D ~ ~ ~ ~ ~ ~ ~ o ~ ~
E ~ ~ ~ ~ ~ ~ ~ o ~ ~
F ~ ~ ~ ~ ~ ~ ~ o ~ ~
G ~ ~ ~ ~ ~ ~ ~ ~ ~ ~
H ~ ~ ~ ~ ~ ~ ~ ~ ~ ~
I ~ ~ ~ ~ ~ ~ ~ ~ ~ ~
J ~ ~ o o o o o ~ ~ ~
Enter the coordinates of the Cruiser (3 cells):
> H1 H3
7, 0 -> 7, 2
  1 2 3 4 5 6 7 8 9 10
A o ~ ~ ~ ~ ~ ~ ~ ~ ~
B o ~ ~ ~ ~ ~ ~ ~ ~ ~
C o ~ ~ ~ ~ ~ ~ o ~ ~
D ~ ~ ~ ~ ~ ~ ~ o ~ ~
E ~ ~ ~ ~ ~ ~ ~ o ~ ~
F ~ ~ ~ ~ ~ ~ ~ o ~ ~
G ~ ~ ~ ~ ~ ~ ~ ~ ~ ~
H o o o ~ ~ ~ ~ ~ ~ ~
I ~ ~ ~ ~ ~ ~ ~ ~ ~ ~
J ~ ~ o o o o o ~ ~ ~
Enter the coordinates of the Destroyer (2 cells):
> G2 E2
6, 1 -> 4, 1
Error! Wrong length of the Destroyer! Try again:
> B5 C5
1, 4 -> 2, 4
  1 2 3 4 5 6 7 8 9 10
A o ~ ~ ~ ~ ~ ~ ~ ~ ~
B o ~ ~ ~ o ~ ~ ~ ~ ~
C o ~ ~ ~ o ~ ~ o ~ ~
D ~ ~ ~ ~ ~ ~ ~ o ~ ~
E ~ ~ ~ ~ ~ ~ ~ o ~ ~
F ~ ~ ~ ~ ~ ~ ~ o ~ ~
G ~ ~ ~ ~ ~ ~ ~ ~ ~ ~
H o o o ~ ~ ~ ~ ~ ~ ~
I ~ ~ ~ ~ ~ ~ ~ ~ ~ ~
J ~ ~ o o o o o ~ ~ ~
]]></system-out>
  <system-err><![CDATA[]]></system-err>
</testsuite>
